<?xml version="1.0" encoding="UTF-8"?>
<testng-results total="1" passed="1" failed="0" skipped="0">
  <reporter-output>
  </reporter-output>
  <suite started-at="2022-11-27T17:41:08Z" name="Surefire suite" finished-at="2022-11-27T17:42:18Z" duration-ms="70411">
    <groups>
    </groups>
    <test started-at="2022-11-27T17:41:08Z" name="Surefire test" finished-at="2022-11-27T17:42:18Z" duration-ms="70411">
      <class name="Package_MXPlayer.Code_file">
        <test-method is-config="true" signature="BT()[pri:0, instance:Package_MXPlayer.Code_file@233795b6]" started-at="2022-11-27T23:11:08Z" name="BT" finished-at="2022-11-27T23:11:14Z" duration-ms="5974" status="PASS">
          <reporter-output>
          </reporter-output>
        </test-method> <!-- BT -->
        <test-method signature="MXPlayer_testcase()[pri:0, instance:Package_MXPlayer.Code_file@233795b6]" started-at="2022-11-27T23:11:14Z" name="MXPlayer_testcase" finished-at="2022-11-27T23:12:15Z" duration-ms="60899" status="PASS">
          <reporter-output>
          </reporter-output>
        </test-method> <!-- MXPlayer_testcase -->
        <test-method is-config="true" signature="AT()[pri:0, instance:Package_MXPlayer.Code_file@233795b6]" started-at="2022-11-27T23:12:15Z" name="AT" finished-at="2022-11-27T23:12:18Z" duration-ms="3497" status="PASS">
          <reporter-output>
          </reporter-output>
        </test-method> <!-- AT -->
      </class> <!-- Package_MXPlayer.Code_file -->
    </test> <!-- Surefire test -->
  </suite> <!-- Surefire suite -->
</testng-results>
