<?xml version="1.0" encoding="UTF-8"?>
<testng-results total="1" passed="1" failed="0" skipped="0">
  <reporter-output>
  </reporter-output>
  <suite started-at="2022-11-28T15:37:42Z" name="Default suite" finished-at="2022-11-28T15:38:52Z" duration-ms="70697">
    <groups>
    </groups>
    <test started-at="2022-11-28T15:37:42Z" name="Default test" finished-at="2022-11-28T15:38:52Z" duration-ms="70697">
      <class name="Package_MXPlayer.Code_file">
        <test-method is-config="true" signature="BT()[pri:0, instance:Package_MXPlayer.Code_file@67d18ed7]" started-at="2022-11-28T21:07:42Z" name="BT" finished-at="2022-11-28T21:07:47Z" duration-ms="5374" status="PASS">
          <reporter-output>
          </reporter-output>
        </test-method> <!-- BT -->
        <test-method signature="MXPlayer_testcase()[pri:0, instance:Package_MXPlayer.Code_file@67d18ed7]" started-at="2022-11-28T21:07:47Z" name="MXPlayer_testcase" finished-at="2022-11-28T21:08:49Z" duration-ms="61447" status="PASS">
          <reporter-output>
          </reporter-output>
        </test-method> <!-- MXPlayer_testcase -->
        <test-method is-config="true" signature="AT()[pri:0, instance:Package_MXPlayer.Code_file@67d18ed7]" started-at="2022-11-28T21:08:49Z" name="AT" finished-at="2022-11-28T21:08:52Z" duration-ms="3830" status="PASS">
          <reporter-output>
          </reporter-output>
        </test-method> <!-- AT -->
      </class> <!-- Package_MXPlayer.Code_file -->
    </test> <!-- Default test -->
  </suite> <!-- Default suite -->
</testng-results>
